2021-03-06 19:42:01.033  INFO 10188 --- [restartedMain] c.w.s.SimpleWebApplication               : Starting SimpleWebApplication on DESKTOP-P7S01D2 with PID 10188 (started by stasi in C:\Users\stasi\Downloads\НАБИ\SimpleShopJavaMVC-master)
2021-03-06 19:42:01.058  INFO 10188 --- [restartedMain] c.w.s.SimpleWebApplication               : No active profile set, falling back to default profiles: default
2021-03-06 19:42:01.251  INFO 10188 --- [restartedMain] o.s.b.devtools.restart.ChangeableUrls    : The Class-Path manifest attribute in C:\Users\stasi\.m2\repository\com\sun\xml\bind\jaxb-impl\2.3.0\jaxb-impl-2.3.0.jar referenced one or more files that do not exist: file:/C:/Users/stasi/.m2/repository/com/sun/xml/bind/jaxb-impl/2.3.0/jaxb-core.jar
2021-03-06 19:42:01.308  INFO 10188 --- [restartedMain] o.s.b.devtools.restart.ChangeableUrls    : The Class-Path manifest attribute in C:\Users\stasi\.m2\repository\com\sun\xml\bind\jaxb-core\2.3.0\jaxb-core-2.3.0.jar referenced one or more files that do not exist: file:/C:/Users/stasi/.m2/repository/com/sun/xml/bind/jaxb-core/2.3.0/jaxb-api.jar
2021-03-06 19:42:01.308  INFO 10188 --- [restartedMain] .e.DevToolsPropertyDefaultsPostProcessor : Devtools property defaults active! Set 'spring.devtools.add-properties' to 'false' to disable
2021-03-06 19:42:01.308  INFO 10188 --- [restartedMain] .e.DevToolsPropertyDefaultsPostProcessor : For additional web related logging consider setting the 'logging.level.web' property to 'DEBUG'
2021-03-06 19:42:05.723  INFO 10188 --- [restartedMain] trationDelegate$BeanPostProcessorChecker : Bean 'org.springframework.ws.config.annotation.DelegatingWsConfiguration' of type [org.springframework.ws.config.annotation.DelegatingWsConfiguration$$EnhancerBySpringCGLIB$$1d496333] is not eligible for getting processed by all BeanPostProcessors (for example: not eligible for auto-proxying)
2021-03-06 19:42:05.944  INFO 10188 --- [restartedMain] .w.s.a.s.AnnotationActionEndpointMapping : Supporting [WS-Addressing August 2004, WS-Addressing 1.0]
2021-03-06 19:42:05.962  INFO 10188 --- [restartedMain] trationDelegate$BeanPostProcessorChecker : Bean 'org.springframework.hateoas.config.HateoasConfiguration' of type [org.springframework.hateoas.config.HateoasConfiguration$$EnhancerBySpringCGLIB$$f831eb66] is not eligible for getting processed by all BeanPostProcessors (for example: not eligible for auto-proxying)
2021-03-06 19:42:06.019  INFO 10188 --- [restartedMain] trationDelegate$BeanPostProcessorChecker : Bean 'relProviderPluginRegistry' of type [org.springframework.plugin.core.support.PluginRegistryFactoryBean] is not eligible for getting processed by all BeanPostProcessors (for example: not eligible for auto-proxying)
2021-03-06 19:42:06.024  INFO 10188 --- [restartedMain] trationDelegate$BeanPostProcessorChecker : Bean 'relProviderPluginRegistry' of type [org.springframework.plugin.core.OrderAwarePluginRegistry] is not eligible for getting processed by all BeanPostProcessors (for example: not eligible for auto-proxying)
2021-03-06 19:42:06.025  INFO 10188 --- [restartedMain] trationDelegate$BeanPostProcessorChecker : Bean '_relProvider' of type [org.springframework.hateoas.server.core.DelegatingLinkRelationProvider] is not eligible for getting processed by all BeanPostProcessors (for example: not eligible for auto-proxying)
2021-03-06 19:42:06.039  INFO 10188 --- [restartedMain] trationDelegate$BeanPostProcessorChecker : Bean 'messageResolver' of type [org.springframework.hateoas.mediatype.MessageSourceResolver] is not eligible for getting processed by all BeanPostProcessors (for example: not eligible for auto-proxying)
2021-03-06 19:42:06.052  INFO 10188 --- [restartedMain] trationDelegate$BeanPostProcessorChecker : Bean 'org.springframework.hateoas.mediatype.hal.HalMediaTypeConfiguration' of type [org.springframework.hateoas.mediatype.hal.HalMediaTypeConfiguration$$EnhancerBySpringCGLIB$$52267a3b] is not eligible for getting processed by all BeanPostProcessors (for example: not eligible for auto-proxying)
2021-03-06 19:42:06.061  INFO 10188 --- [restartedMain] trationDelegate$BeanPostProcessorChecker : Bean 'org.springframework.boot.autoconfigure.jackson.JacksonAutoConfiguration$JacksonObjectMapperConfiguration' of type [org.springframework.boot.autoconfigure.jackson.JacksonAutoConfiguration$JacksonObjectMapperConfiguration] is not eligible for getting processed by all BeanPostProcessors (for example: not eligible for auto-proxying)
2021-03-06 19:42:06.075  INFO 10188 --- [restartedMain] trationDelegate$BeanPostProcessorChecker : Bean 'org.springframework.boot.autoconfigure.jackson.JacksonAutoConfiguration$JacksonObjectMapperBuilderConfiguration' of type [org.springframework.boot.autoconfigure.jackson.JacksonAutoConfiguration$JacksonObjectMapperBuilderConfiguration] is not eligible for getting processed by all BeanPostProcessors (for example: not eligible for auto-proxying)
2021-03-06 19:42:06.094  INFO 10188 --- [restartedMain] trationDelegate$BeanPostProcessorChecker : Bean 'org.springframework.boot.autoconfigure.jackson.JacksonAutoConfiguration$Jackson2ObjectMapperBuilderCustomizerConfiguration' of type [org.springframework.boot.autoconfigure.jackson.JacksonAutoConfiguration$Jackson2ObjectMapperBuilderCustomizerConfiguration] is not eligible for getting processed by all BeanPostProcessors (for example: not eligible for auto-proxying)
2021-03-06 19:42:06.251  INFO 10188 --- [restartedMain] trationDelegate$BeanPostProcessorChecker : Bean 'spring.jackson-org.springframework.boot.autoconfigure.jackson.JacksonProperties' of type [org.springframework.boot.autoconfigure.jackson.JacksonProperties] is not eligible for getting processed by all BeanPostProcessors (for example: not eligible for auto-proxying)
2021-03-06 19:42:06.252  INFO 10188 --- [restartedMain] trationDelegate$BeanPostProcessorChecker : Bean 'standardJacksonObjectMapperBuilderCustomizer' of type [org.springframework.boot.autoconfigure.jackson.JacksonAutoConfiguration$Jackson2ObjectMapperBuilderCustomizerConfiguration$StandardJackson2ObjectMapperBuilderCustomizer] is not eligible for getting processed by all BeanPostProcessors (for example: not eligible for auto-proxying)
2021-03-06 19:42:06.257  INFO 10188 --- [restartedMain] trationDelegate$BeanPostProcessorChecker : Bean 'org.springframework.boot.autoconfigure.jackson.JacksonAutoConfiguration$ParameterNamesModuleConfiguration' of type [org.springframework.boot.autoconfigure.jackson.JacksonAutoConfiguration$ParameterNamesModuleConfiguration] is not eligible for getting processed by all BeanPostProcessors (for example: not eligible for auto-proxying)
2021-03-06 19:42:06.266  INFO 10188 --- [restartedMain] trationDelegate$BeanPostProcessorChecker : Bean 'parameterNamesModule' of type [com.fasterxml.jackson.module.paramnames.ParameterNamesModule] is not eligible for getting processed by all BeanPostProcessors (for example: not eligible for auto-proxying)
2021-03-06 19:42:06.271  INFO 10188 --- [restartedMain] trationDelegate$BeanPostProcessorChecker : Bean 'org.springframework.boot.autoconfigure.jackson.JacksonAutoConfiguration' of type [org.springframework.boot.autoconfigure.jackson.JacksonAutoConfiguration] is not eligible for getting processed by all BeanPostProcessors (for example: not eligible for auto-proxying)
2021-03-06 19:42:06.287  INFO 10188 --- [restartedMain] trationDelegate$BeanPostProcessorChecker : Bean 'jsonComponentModule' of type [org.springframework.boot.jackson.JsonComponentModule] is not eligible for getting processed by all BeanPostProcessors (for example: not eligible for auto-proxying)
2021-03-06 19:42:06.288  INFO 10188 --- [restartedMain] trationDelegate$BeanPostProcessorChecker : Bean 'org.springframework.data.web.config.SpringDataJacksonConfiguration' of type [org.springframework.data.web.config.SpringDataJacksonConfiguration] is not eligible for getting processed by all BeanPostProcessors (for example: not eligible for auto-proxying)
2021-03-06 19:42:06.376  INFO 10188 --- [restartedMain] trationDelegate$BeanPostProcessorChecker : Bean 'jacksonGeoModule' of type [org.springframework.data.geo.GeoModule] is not eligible for getting processed by all BeanPostProcessors (for example: not eligible for auto-proxying)
2021-03-06 19:42:06.391  INFO 10188 --- [restartedMain] trationDelegate$BeanPostProcessorChecker : Bean 'jacksonObjectMapperBuilder' of type [org.springframework.http.converter.json.Jackson2ObjectMapperBuilder] is not eligible for getting processed by all BeanPostProcessors (for example: not eligible for auto-proxying)
2021-03-06 19:42:06.519  INFO 10188 --- [restartedMain] trationDelegate$BeanPostProcessorChecker : Bean 'jacksonObjectMapper' of type [com.fasterxml.jackson.databind.ObjectMapper] is not eligible for getting processed by all BeanPostProcessors (for example: not eligible for auto-proxying)
2021-03-06 19:42:06.655  INFO 10188 --- [restartedMain] trationDelegate$BeanPostProcessorChecker : Bean 'hypermediaWebMvcConverters' of type [org.springframework.hateoas.config.WebConverters] is not eligible for getting processed by all BeanPostProcessors (for example: not eligible for auto-proxying)
2021-03-06 19:42:09.722  INFO 10188 --- [restartedMain] o.s.b.w.embedded.tomcat.TomcatWebServer  : Tomcat initialized with port(s): 8080 (http)
2021-03-06 19:42:09.806  INFO 10188 --- [restartedMain] o.apache.catalina.core.StandardService   : Starting service [Tomcat]
2021-03-06 19:42:09.807  INFO 10188 --- [restartedMain] org.apache.catalina.core.StandardEngine  : Starting Servlet engine: [Apache Tomcat/9.0.29]
2021-03-06 19:42:10.309  INFO 10188 --- [restartedMain] o.a.c.c.C.[Tomcat].[localhost].[/]       : Initializing Spring embedded WebApplicationContext
2021-03-06 19:42:10.310  INFO 10188 --- [restartedMain] o.s.web.context.ContextLoader            : Root WebApplicationContext: initialization completed in 9001 ms
2021-03-06 19:42:13.393  INFO 10188 --- [restartedMain] o.s.s.web.DefaultSecurityFilterChain     : Creating filter chain: any request, [org.springframework.security.web.context.request.async.WebAsyncManagerIntegrationFilter@5ddee85a, org.springframework.security.web.context.SecurityContextPersistenceFilter@448630f, org.springframework.security.web.header.HeaderWriterFilter@5d897692, org.springframework.security.web.authentication.logout.LogoutFilter@42c9ae2b, org.springframework.security.web.authentication.UsernamePasswordAuthenticationFilter@39d9a8ec, org.springframework.security.web.savedrequest.RequestCacheAwareFilter@5f29af25, org.springframework.security.web.servletapi.SecurityContextHolderAwareRequestFilter@2072ff14, org.springframework.security.web.authentication.AnonymousAuthenticationFilter@29ccdf68, org.springframework.security.web.session.SessionManagementFilter@49d4a508, org.springframework.security.web.access.ExceptionTranslationFilter@8a5b7ee, org.springframework.security.web.access.intercept.FilterSecurityInterceptor@6c352822]
2021-03-06 19:42:16.284  INFO 10188 --- [restartedMain] o.s.b.d.a.OptionalLiveReloadServer       : LiveReload server is running on port 35729
2021-03-06 19:42:16.557  INFO 10188 --- [restartedMain] o.s.b.w.embedded.tomcat.TomcatWebServer  : Tomcat started on port(s): 8080 (http) with context path ''
2021-03-06 19:42:16.577  INFO 10188 --- [restartedMain] c.w.s.SimpleWebApplication               : Started SimpleWebApplication in 17.582 seconds (JVM running for 23.09)
2021-03-06 19:42:21.596  INFO 10188 --- [http-nio-8080-exec-1] o.a.c.c.C.[Tomcat].[localhost].[/]       : Initializing Spring DispatcherServlet 'dispatcherServlet'
2021-03-06 19:42:21.596  INFO 10188 --- [http-nio-8080-exec-1] o.s.web.servlet.DispatcherServlet        : Initializing Servlet 'dispatcherServlet'
2021-03-06 19:42:21.652  INFO 10188 --- [http-nio-8080-exec-1] o.s.web.servlet.DispatcherServlet        : Completed initialization in 55 ms
2021-03-06 19:42:22.271  INFO 10188 --- [http-nio-8080-exec-1] o.hibernate.annotations.common.Version   : HCANN000001: Hibernate Commons Annotations {4.0.5.Final}
2021-03-06 19:42:22.294  INFO 10188 --- [http-nio-8080-exec-1] org.hibernate.Version                    : HHH000412: Hibernate Core {4.3.8.Final}
2021-03-06 19:42:22.312  INFO 10188 --- [http-nio-8080-exec-1] org.hibernate.cfg.Environment            : HHH000206: hibernate.properties not found
2021-03-06 19:42:22.380  INFO 10188 --- [http-nio-8080-exec-1] org.hibernate.cfg.Environment            : HHH000021: Bytecode provider name : javassist
2021-03-06 19:42:22.559  INFO 10188 --- [http-nio-8080-exec-1] org.hibernate.cfg.Configuration          : HHH000043: Configuring from resource: /hibernate.cfg.xml
2021-03-06 19:42:22.574  INFO 10188 --- [http-nio-8080-exec-1] org.hibernate.cfg.Configuration          : HHH000040: Configuration resource: /hibernate.cfg.xml
2021-03-06 19:42:23.097  INFO 10188 --- [http-nio-8080-exec-1] org.hibernate.cfg.Configuration          : HHH000041: Configured SessionFactory: null
2021-03-06 19:42:23.670  WARN 10188 --- [http-nio-8080-exec-1] .c.i.DriverManagerConnectionProviderImpl : HHH000402: Using Hibernate built-in connection pool (not for production use!)
2021-03-06 19:42:23.708  INFO 10188 --- [http-nio-8080-exec-1] .c.i.DriverManagerConnectionProviderImpl : HHH000401: using driver [com.mysql.cj.jdbc.Driver] at URL [jdbc:mysql://localhost:3306/jdbc?useUnicode=true&characterEncoding=UTF8&useLegacyDatetimeCode=false&serverTimezone=UTC]
2021-03-06 19:42:23.709  INFO 10188 --- [http-nio-8080-exec-1] .c.i.DriverManagerConnectionProviderImpl : HHH000046: Connection properties: {user=root, password=****}
2021-03-06 19:42:23.710  INFO 10188 --- [http-nio-8080-exec-1] .c.i.DriverManagerConnectionProviderImpl : HHH000006: Autocommit mode: false
2021-03-06 19:42:23.713  INFO 10188 --- [http-nio-8080-exec-1] .c.i.DriverManagerConnectionProviderImpl : HHH000115: Hibernate connection pool size: 1 (min=1)
2021-03-06 19:42:24.191  INFO 10188 --- [http-nio-8080-exec-1] org.hibernate.dialect.Dialect            : HHH000400: Using dialect: org.hibernate.dialect.MySQL5Dialect
2021-03-06 19:42:24.875  INFO 10188 --- [http-nio-8080-exec-1] o.h.e.t.i.TransactionFactoryInitiator    : HHH000399: Using default transaction strategy (direct JDBC transactions)
2021-03-06 19:42:24.889  INFO 10188 --- [http-nio-8080-exec-1] o.h.h.i.ast.ASTQueryTranslatorFactory    : HHH000397: Using ASTQueryTranslatorFactory
2021-03-06 19:42:25.972  INFO 10188 --- [http-nio-8080-exec-1] org.hibernate.tool.hbm2ddl.SchemaUpdate  : HHH000228: Running hbm2ddl schema update
2021-03-06 19:42:25.973  INFO 10188 --- [http-nio-8080-exec-1] org.hibernate.tool.hbm2ddl.SchemaUpdate  : HHH000102: Fetching database metadata
2021-03-06 19:42:25.984  INFO 10188 --- [http-nio-8080-exec-1] org.hibernate.tool.hbm2ddl.SchemaUpdate  : HHH000396: Updating schema
2021-03-06 19:42:26.069  INFO 10188 --- [http-nio-8080-exec-1] o.hibernate.tool.hbm2ddl.TableMetadata   : HHH000261: Table found: jdbc.garanty
2021-03-06 19:42:26.070  INFO 10188 --- [http-nio-8080-exec-1] o.hibernate.tool.hbm2ddl.TableMetadata   : HHH000037: Columns: [date, device_id, id]
2021-03-06 19:42:26.070  INFO 10188 --- [http-nio-8080-exec-1] o.hibernate.tool.hbm2ddl.TableMetadata   : HHH000108: Foreign keys: [fk_2is1d6rjfab2v44qvw4j24s2l]
2021-03-06 19:42:26.070  INFO 10188 --- [http-nio-8080-exec-1] o.hibernate.tool.hbm2ddl.TableMetadata   : HHH000126: Indexes: [fk_2is1d6rjfab2v44qvw4j24s2l, primary]
2021-03-06 19:42:26.130  INFO 10188 --- [http-nio-8080-exec-1] o.hibernate.tool.hbm2ddl.TableMetadata   : HHH000261: Table found: jdbc.device
2021-03-06 19:42:26.130  INFO 10188 --- [http-nio-8080-exec-1] o.hibernate.tool.hbm2ddl.TableMetadata   : HHH000037: Columns: [name, model, id]
2021-03-06 19:42:26.130  INFO 10188 --- [http-nio-8080-exec-1] o.hibernate.tool.hbm2ddl.TableMetadata   : HHH000108: Foreign keys: []
2021-03-06 19:42:26.130  INFO 10188 --- [http-nio-8080-exec-1] o.hibernate.tool.hbm2ddl.TableMetadata   : HHH000126: Indexes: [primary]
2021-03-06 19:42:26.156  INFO 10188 --- [http-nio-8080-exec-1] o.hibernate.tool.hbm2ddl.TableMetadata   : HHH000261: Table found: jdbc.usr
2021-03-06 19:42:26.157  INFO 10188 --- [http-nio-8080-exec-1] o.hibernate.tool.hbm2ddl.TableMetadata   : HHH000037: Columns: [password, id, login]
2021-03-06 19:42:26.157  INFO 10188 --- [http-nio-8080-exec-1] o.hibernate.tool.hbm2ddl.TableMetadata   : HHH000108: Foreign keys: []
2021-03-06 19:42:26.157  INFO 10188 --- [http-nio-8080-exec-1] o.hibernate.tool.hbm2ddl.TableMetadata   : HHH000126: Indexes: [primary]
2021-03-06 19:42:26.158  INFO 10188 --- [http-nio-8080-exec-1] org.hibernate.tool.hbm2ddl.SchemaUpdate  : HHH000232: Schema update complete
2021-03-06 19:42:26.602  INFO 10188 --- [http-nio-8080-exec-1] c.w.s.controller.ShowController          : Выведены все устройства
